<?xml version="1.0" encoding="UTF-8"?>
<!-- Generated by org.testng.reporters.JUnitXMLReporter -->
<testsuite hostname="LAP0227" ignored="2" tests="12" failures="0" timestamp="08 Aug 2019 01:29:55 GMT" time="183.867" errors="0">
  <testcase name="checkOutConEfectivo" time="23.893" classname="TestNopCommerce"/>
  <testcase name="checkOutConTarjetaDeCredito" time="37.678" classname="TestNopCommerce"/>
  <testcase name="agregarWishlist" time="10.382" classname="TestNopCommerce"/>
  <testcase name="agregarWishlist" time="9.447" classname="TestNopCommerce"/>
  <testcase name="agregarWishlist" time="10.024" classname="TestNopCommerce"/>
  <testcase name="agregarWishlist" time="9.306" classname="TestNopCommerce"/>
  <testcase name="agregarWishlist" time="9.86" classname="TestNopCommerce"/>
  <testcase name="compareProducts" time="14.91" classname="TestNopCommerce"/>
  <testcase name="newAddress" time="9.403" classname="TestNopCommerce"/>
  <testcase name="removeItemFromCart" time="21.407" classname="TestNopCommerce"/>
  <testcase name="reviewProduct" time="7.643" classname="TestNopCommerce"/>
  <testcase name="sendProductEmailToFriend" time="7.341" classname="TestNopCommerce"/>
  <testcase name="nuevoUsuarioRegistrado" time="0.0" classname="TestNopCommerce">
    <ignored/>
  </testcase> <!-- nuevoUsuarioRegistrado -->
  <testcase name="changePasswordUser" time="0.0" classname="TestNopCommerce">
    <ignored/>
  </testcase> <!-- changePasswordUser -->
</testsuite>
